g:\nm_game\training\sample\sample_code\samples2\samples\sample03\debug\vc120.pdb
g:\nm_game\training\sample\sample_code\samples2\samples\sample03\debug\vc120.idb
g:\nm_game\training\sample\sample_code\samples2\samples\sample03\debug\game.obj
g:\nm_game\training\sample\sample_code\samples2\samples\sample03\debug\trace.obj
g:\nm_game\training\sample\sample_code\samples2\samples\sample03\debug\kitty.obj
g:\nm_game\training\sample\sample_code\samples2\samples\sample03\debug\main.obj
g:\nm_game\training\sample\sample_code\samples2\samples\sample03\debug\sprite.obj
g:\nm_game\training\sample\sample_code\samples2\samples\sample03\debug\utils.obj
g:\nm_game\training\sample\sample_code\samples2\samples\sample03\debug\input_sample.exe.embed.manifest
g:\nm_game\training\sample\sample_code\samples2\samples\sample03\debug\input_sample.exe.intermediate.manifest
g:\nm_game\training\sample\sample_code\samples2\samples\sample03\debug\sample03.exe.embed.manifest
g:\nm_game\training\sample\sample_code\samples2\samples\sample03\debug\sample03.exe.intermediate.manifest
g:\nm_game\training\sample\sample_code\samples2\samples\sample03\debug\input_sample.exe.embed.manifest.res
g:\nm_game\training\sample\sample_code\samples2\samples\sample03\debug\sample03.exe.embed.manifest.res
g:\nm_game\training\sample\sample_code\samples2\samples\sample03\debug\vc90.idb
g:\nm_game\training\sample\sample_code\samples2\samples\sample03\debug\vc90.pdb
g:\nm_game\training\sample\sample_code\samples2\samples\debug\sample03.pdb
g:\nm_game\training\sample\sample_code\samples2\samples\sample03\debug\sample03.tlog\cl.command.1.tlog
g:\nm_game\training\sample\sample_code\samples2\samples\sample03\debug\sample03.tlog\cl.read.1.tlog
g:\nm_game\training\sample\sample_code\samples2\samples\sample03\debug\sample03.tlog\cl.write.1.tlog
g:\nm_game\training\sample\sample_code\samples2\samples\sample03\debug\sample03.tlog\link-cvtres.read.1.tlog
g:\nm_game\training\sample\sample_code\samples2\samples\sample03\debug\sample03.tlog\link-cvtres.write.1.tlog
g:\nm_game\training\sample\sample_code\samples2\samples\sample03\debug\sample03.tlog\link-rc.read.1.tlog
g:\nm_game\training\sample\sample_code\samples2\samples\sample03\debug\sample03.tlog\link-rc.write.1.tlog
g:\nm_game\training\sample\sample_code\samples2\samples\sample03\debug\sample03.tlog\link.command.1.tlog
g:\nm_game\training\sample\sample_code\samples2\samples\sample03\debug\sample03.tlog\link.read.1.tlog
g:\nm_game\training\sample\sample_code\samples2\samples\sample03\debug\sample03.tlog\link.write.1.tlog
